<?xml version="1.0" encoding="UTF-8"?>
<!-- Generated by org.testng.reporters.JUnitReportReporter -->
<testsuite skipped="0" hostname="IBM-Testing01" name="priorityDemo" tests="3" failures="0" timestamp="06 Jan 2020 11:09:09 GMT" time="0.019" errors="0">
  <testcase name="logoff" time="0.013" classname="priorityDemo"/>
  <testcase name="startpp" time="0.004" classname="priorityDemo"/>
  <testcase name="login" time="0.002" classname="priorityDemo"/>
</testsuite> <!-- priorityDemo -->
