<?xml version="1.0" encoding="UTF-8"?>
<!-- Generated by org.testng.reporters.JUnitReportReporter -->
<testsuite skipped="0" hostname="IBM-Testing01" name="DependsOnMethodsDemo" tests="3" failures="0" timestamp="06 Jan 2020 11:16:32 GMT" time="0.017" errors="0">
  <testcase name="login" time="0.002" classname="DependsOnMethodsDemo"/>
  <testcase name="logoff" time="0.003" classname="DependsOnMethodsDemo"/>
  <testcase name="startapp" time="0.012" classname="DependsOnMethodsDemo"/>
</testsuite> <!-- DependsOnMethodsDemo -->
