<?xml version="1.0" encoding="UTF-8"?>
<!-- Generated by org.testng.reporters.JUnitReportReporter -->
<testsuite skipped="0" hostname="IBM-Testing01" name="TestNgpack1.DataProviderDemo" tests="2" failures="0" timestamp="08 Jan 2020 07:44:30 GMT" time="18.175" errors="0">
  <testcase name="f" time="12.521" classname="TestNgpack1.DataProviderDemo"/>
  <testcase name="f" time="5.654" classname="TestNgpack1.DataProviderDemo"/>
</testsuite> <!-- TestNgpack1.DataProviderDemo -->
