<?xml version="1.0" encoding="UTF-8"?>
<!-- Generated by org.testng.reporters.JUnitReportReporter -->
<testsuite skipped="0" hostname="IBM-Testing01" name="TestGroups.TestGroup2" tests="1" failures="0" timestamp="08 Jan 2020 09:37:45 GMT" time="0.001" errors="0">
  <testcase name="test6" time="0.001" classname="TestGroups.TestGroup2"/>
</testsuite> <!-- TestGroups.TestGroup2 -->
