<?xml version="1.0" encoding="UTF-8"?>
<!-- Generated by org.testng.reporters.JUnitReportReporter -->
<testsuite skipped="0" hostname="IBM-Testing01" name="mytestpackage" tests="1" failures="0" timestamp="06 Jan 2020 10:02:00 GMT" time="0.006" errors="0">
  <testcase name="getttitle" time="0.006" classname="mytestpackage"/>
</testsuite> <!-- mytestpackage -->
