<?xml version="1.0" encoding="UTF-8"?>
<!-- Generated by org.testng.reporters.JUnitReportReporter -->
<testsuite skipped="0" hostname="IBM-Testing01" name="TestGroups.TestGroup1" tests="3" failures="0" timestamp="08 Jan 2020 09:37:45 GMT" time="0.012" errors="0">
  <testcase name="test3" time="0.000" classname="TestGroups.TestGroup1"/>
  <testcase name="test1" time="0.011" classname="TestGroups.TestGroup1"/>
  <testcase name="test2" time="0.001" classname="TestGroups.TestGroup1"/>
</testsuite> <!-- TestGroups.TestGroup1 -->
