<?xml version="1.0" encoding="UTF-8"?>
<!-- Generated by org.testng.reporters.JUnitReportReporter -->
<testsuite skipped="0" hostname="IBM-Testing01" name="DataProviderDemo" tests="2" failures="0" timestamp="08 Jan 2020 06:00:08 GMT" time="22.064" errors="0">
  <testcase name="f" time="12.411" classname="DataProviderDemo"/>
  <testcase name="f" time="9.653" classname="DataProviderDemo"/>
</testsuite> <!-- DataProviderDemo -->
